Change Component Comment : Designator=XTAL1 Old Comment=8Ã„ˆ New Comment=11.0592Ã„ˆ
Change Component Comment : Designator=C14 Old Comment=22ÔÍ‘ New Comment=8ÔÍ‘
Change Component Comment : Designator=C16 Old Comment=22ÔÍ‘ New Comment=8ÔÍ‘
Change Component Designator: OldDesignator=XTAL1 NewDesignator=Z
Added Component: Designator=C?(CAP: 1210)
Add component (AddParameter): Name = "HelpURL"; Value = "https://www.digikey.com/product-detail/en/yageo/CC1210KKX7R9BB104/311-4522-1-ND/8025611"; VariantName = "[No Variations]"
Add component (AddParameter): Name = "Manufacturer"; Value = "Yageo"; VariantName = "[No Variations]"
Add component (AddParameter): Name = "Package"; Value = "1210"; VariantName = "[No Variations]"
Add component (AddParameter): Name = "PartNumber"; Value = "CC1210KKX7R9BB104"; VariantName = "[No Variations]"
Add component (AddParameter): Name = "Temperature"; Value = "-55...+125∞C"; VariantName = "[No Variations]"
Add component (AddParameter): Name = "Tolerance"; Value = "±10%"; VariantName = "[No Variations]"
Add component (AddParameter): Name = "TypeCapacitor"; Value = "Ceramic capacitor"; VariantName = "[No Variations]"
Add component (AddParameter): Name = "TypeDielectric"; Value = "X7R"; VariantName = "[No Variations]"
Add component (AddParameter): Name = "Value"; Value = "0.1?F"; VariantName = "[No Variations]"
Add component (AddParameter): Name = "ValueManufacturerPartNumber"; Value = "Ceramic capacitor, 0.1?F, X7R, ±10%, 50V, 1210, -55...+125∞C"; VariantName = "[No Variations]"
Add component (AddParameter): Name = "Voltage"; Value = "50V"; VariantName = "[No Variations]"
Added Component: Designator=L?(IND: SDR0302)
Add component (AddParameter): Name = "HelpURL"; Value = "https://www.digikey.com/product-detail/en/bourns-inc/SDR0302-100ML/SDR0302-100MLCT-ND/2127048"; VariantName = "[No Variations]"
Add component (AddParameter): Name = "Manufacturer"; Value = "Bourns"; VariantName = "[No Variations]"
Add component (AddParameter): Name = "MaxCurrent"; Value = "900mA"; VariantName = "[No Variations]"
Add component (AddParameter): Name = "Package"; Value = "SDR0302"; VariantName = "[No Variations]"
Add component (AddParameter): Name = "PartNumber"; Value = "SDR0302-100ML"; VariantName = "[No Variations]"
Add component (AddParameter): Name = "Temperature"; Value = "-40...+125∞C"; VariantName = "[No Variations]"
Add component (AddParameter): Name = "Tolerance"; Value = "±20%"; VariantName = "[No Variations]"
Add component (AddParameter): Name = "TypeInductor"; Value = "Fixed inductor"; VariantName = "[No Variations]"
Add component (AddParameter): Name = "Value"; Value = "10?H"; VariantName = "[No Variations]"
Add component (AddParameter): Name = "ValueManufacturerPartNumber"; Value = "Fixed inductor, 10?H, ±20%, SDR0302, 900mA, -40...+125∞C"; VariantName = "[No Variations]"
