Removed Pin From Net: NetName=+5B Pin=C6-1
Removed Pin From Net: NetName=+5B Pin=C8-1
Removed Pin From Net: NetName=+5B Pin=C14-2
Removed Pin From Net: NetName=+5B Pin=C15-1
Removed Pin From Net: NetName=+5B Pin=C16-2
Removed Pin From Net: NetName=+5B Pin=C23-1
Removed Pin From Net: NetName=+5B Pin=C25-1
Removed Pin From Net: NetName=+5B Pin=C29-1
Removed Pin From Net: NetName=+5B Pin=C32-1
Removed Pin From Net: NetName=+5B Pin=C33-1
Removed Pin From Net: NetName=+5B Pin=C36-1
Removed Pin From Net: NetName=+5B Pin=C37-1
Removed Pin From Net: NetName=+5B Pin=DD2-8
Removed Pin From Net: NetName=+5B Pin=DD4-1
Removed Pin From Net: NetName=+5B Pin=DD4-7
Removed Pin From Net: NetName=+5B Pin=DD5-5
Removed Pin From Net: NetName=+5B Pin=DD5-17
Removed Pin From Net: NetName=+5B Pin=DD5-38
Removed Pin From Net: NetName=+5B Pin=DD7-1
Removed Pin From Net: NetName=+5B Pin=DD7-7
Removed Pin From Net: NetName=+5B Pin=DD9-1
Removed Pin From Net: NetName=+5B Pin=DD9-7
Removed Pin From Net: NetName=+5B Pin=DD11-2
Removed Pin From Net: NetName=+5B Pin=DD11-3
Removed Pin From Net: NetName=+5B Pin=L1-1
Change Component Footprint: Designator=C3 Old Footprint=Capacitor_tant_0805 New Footprint=CAPAE4643X46M
Change Component Footprint: Designator=C7 Old Footprint=Capacitor_tant_0805 New Footprint=CAPAE4643X46M
Change Component Footprint: Designator=C11 Old Footprint=Capacitor_tant_0805 New Footprint=CAPAE4643X46M
Change Component Comment : Designator=C3 Old Comment=10ÏÍ‘ New Comment=100ÏÍ‘
Change Component Comment : Designator=C7 Old Comment=10ÏÍ‘ New Comment=100ÏÍ‘
Change Component Comment : Designator=C11 Old Comment=10ÏÍ‘ New Comment=100ÏÍ‘
Change component parameters: Designator = "C3" ("C3"); Footprint = "Capacitor_tant_0805"; UniqueID = "\NDXXOYHY" ("\NDXXOYHY")
Change component parameters (AddParameter): Name = "link"; Value = "https://www.digikey.com/en/products/detail/taiyo-yuden/JMK212BJ106KD-T/930656"; VariantName = "[No Variations]"
Change component parameters: Designator = "C7" ("C7"); Footprint = "Capacitor_tant_0805"; UniqueID = "\CCBGVARE" ("\CCBGVARE")
Change component parameters (AddParameter): Name = "link"; Value = "https://www.digikey.com/en/products/detail/taiyo-yuden/JMK212BJ106KD-T/930656"; VariantName = "[No Variations]"
Change component parameters: Designator = "C11" ("C11"); Footprint = "Capacitor_tant_0805"; UniqueID = "\TDXJGUHS" ("\TDXJGUHS")
Change component parameters (AddParameter): Name = "link"; Value = "https://www.digikey.com/en/products/detail/taiyo-yuden/JMK212BJ106KD-T/930656"; VariantName = "[No Variations]"
Change Net Name : Old Net Name=+5B New Net Name=Œ·˘
Added Pin To Net: NetName=+5B Pin=C6-1
Added Pin To Net: NetName=+5B Pin=C8-1
Added Pin To Net: NetName=+5B Pin=C15-1
Added Pin To Net: NetName=+5B Pin=C23-1
Added Pin To Net: NetName=+5B Pin=C25-1
Added Pin To Net: NetName=+5B Pin=C29-1
Added Pin To Net: NetName=+5B Pin=C32-1
Added Pin To Net: NetName=+5B Pin=C33-1
Added Pin To Net: NetName=+5B Pin=C36-1
Added Pin To Net: NetName=+5B Pin=C37-1
Added Pin To Net: NetName=+5B Pin=DD2-8
Added Pin To Net: NetName=+5B Pin=DD4-1
Added Pin To Net: NetName=+5B Pin=DD4-7
Added Pin To Net: NetName=+5B Pin=DD5-5
Added Pin To Net: NetName=+5B Pin=DD5-17
Added Pin To Net: NetName=+5B Pin=DD5-38
Added Pin To Net: NetName=+5B Pin=DD7-1
Added Pin To Net: NetName=+5B Pin=DD7-7
Added Pin To Net: NetName=+5B Pin=DD9-1
Added Pin To Net: NetName=+5B Pin=DD9-7
Added Pin To Net: NetName=+5B Pin=DD11-2
Added Pin To Net: NetName=+5B Pin=DD11-3
Added Pin To Net: NetName=+5B Pin=L1-1
Added Net: Name=+5B
Added Pin To Net: NetName=+5¬ Pin=C14-2
Added Pin To Net: NetName=+5¬ Pin=C16-2
Added Net: Name=+5¬
Added Member To Class: ClassName=›3 Member=Component C14 22ÔÍ‘
