Replace Part C1 Capacity_0805 in C:\Users\Public\Documents\Altium\ñourse_project\PCB_Project\Ý3.SchDoc with Capacity_0805 from Schlib1.SchLib
Replace Part C2 Capacity_0805 in C:\Users\Public\Documents\Altium\ñourse_project\PCB_Project\Ý3.SchDoc with Capacity_0805 from Schlib1.SchLib
Replace Part C3 Capacity_0805 in C:\Users\Public\Documents\Altium\ñourse_project\PCB_Project\Ý3.SchDoc with Capacity_0805 from Schlib1.SchLib
Replace Part C4 Capacity_0805 in C:\Users\Public\Documents\Altium\ñourse_project\PCB_Project\Ý3.SchDoc with Capacity_0805 from Schlib1.SchLib
Replace Part C5 Capacity_0805 in C:\Users\Public\Documents\Altium\ñourse_project\PCB_Project\Ý3.SchDoc with Capacity_0805 from Schlib1.SchLib
Replace Part C6 Capacity_0805 in C:\Users\Public\Documents\Altium\ñourse_project\PCB_Project\Ý3.SchDoc with Capacity_0805 from Schlib1.SchLib
Replace Part C7 Capacity_0805 in C:\Users\Public\Documents\Altium\ñourse_project\PCB_Project\Ý3.SchDoc with Capacity_0805 from Schlib1.SchLib
Replace Part C8 Capacity_electrolity_polar_0805 in C:\Users\Public\Documents\Altium\ñourse_project\PCB_Project\Ý3.SchDoc with Capacity_electrolity_polar_0805 from Schlib1.SchLib
Replace Part C9 Capacity_0805 in C:\Users\Public\Documents\Altium\ñourse_project\PCB_Project\Ý3.SchDoc with Capacity_0805 from Schlib1.SchLib
Replace Part C10 Capacity_0805 in C:\Users\Public\Documents\Altium\ñourse_project\PCB_Project\Ý3.SchDoc with Capacity_0805 from Schlib1.SchLib
Replace Part C11 Capacity_0805 in C:\Users\Public\Documents\Altium\ñourse_project\PCB_Project\Ý3.SchDoc with Capacity_0805 from Schlib1.SchLib
Replace Part C12 Capacity_0805 in C:\Users\Public\Documents\Altium\ñourse_project\PCB_Project\Ý3.SchDoc with Capacity_0805 from Schlib1.SchLib
Replace Part C13 Capacity_0805 in C:\Users\Public\Documents\Altium\ñourse_project\PCB_Project\Ý3.SchDoc with Capacity_0805 from Schlib1.SchLib
Replace Part C14 Capacity_0805 in C:\Users\Public\Documents\Altium\ñourse_project\PCB_Project\Ý3.SchDoc with Capacity_0805 from Schlib1.SchLib
Replace Part C15 Capacity_0805 in C:\Users\Public\Documents\Altium\ñourse_project\PCB_Project\Ý3.SchDoc with Capacity_0805 from Schlib1.SchLib
Replace Part C16 Capacity_0805 in C:\Users\Public\Documents\Altium\ñourse_project\PCB_Project\Ý3.SchDoc with Capacity_0805 from Schlib1.SchLib
Replace Part C17 Capacity_0805 in C:\Users\Public\Documents\Altium\ñourse_project\PCB_Project\Ý3.SchDoc with Capacity_0805 from Schlib1.SchLib
Replace Part C18 Capacity_electrolity_polar_0805 in C:\Users\Public\Documents\Altium\ñourse_project\PCB_Project\Ý3.SchDoc with Capacity_electrolity_polar_0805 from Schlib1.SchLib
Replace Part C19 Capacity_0805 in C:\Users\Public\Documents\Altium\ñourse_project\PCB_Project\Ý3.SchDoc with Capacity_0805 from Schlib1.SchLib
Replace Part C20 Capacity_electrolity_polar_0805 in C:\Users\Public\Documents\Altium\ñourse_project\PCB_Project\Ý3.SchDoc with Capacity_electrolity_polar_0805 from Schlib1.SchLib
Replace Part C21 Capacity_0805 in C:\Users\Public\Documents\Altium\ñourse_project\PCB_Project\Ý3.SchDoc with Capacity_0805 from Schlib1.SchLib
Replace Part C22 Capacity_0805 in C:\Users\Public\Documents\Altium\ñourse_project\PCB_Project\Ý3.SchDoc with Capacity_0805 from Schlib1.SchLib
Replace Part C23 Capacity_0805 in C:\Users\Public\Documents\Altium\ñourse_project\PCB_Project\Ý3.SchDoc with Capacity_0805 from Schlib1.SchLib
Replace Part C24 Capacity_0805 in C:\Users\Public\Documents\Altium\ñourse_project\PCB_Project\Ý3.SchDoc with Capacity_0805 from Schlib1.SchLib
Replace Part C25 Capacity_0805 in C:\Users\Public\Documents\Altium\ñourse_project\PCB_Project\Ý3.SchDoc with Capacity_0805 from Schlib1.SchLib
Replace Part C26 Capacity_0805 in C:\Users\Public\Documents\Altium\ñourse_project\PCB_Project\Ý3.SchDoc with Capacity_0805 from Schlib1.SchLib
Replace Part C27 Capacity_0805 in C:\Users\Public\Documents\Altium\ñourse_project\PCB_Project\Ý3.SchDoc with Capacity_0805 from Schlib1.SchLib
Replace Part C28 Capacity_0805 in C:\Users\Public\Documents\Altium\ñourse_project\PCB_Project\Ý3.SchDoc with Capacity_0805 from Schlib1.SchLib
Replace Part C29 Capacity_0805 in C:\Users\Public\Documents\Altium\ñourse_project\PCB_Project\Ý3.SchDoc with Capacity_0805 from Schlib1.SchLib
Replace Part C30 Capacity_0805 in C:\Users\Public\Documents\Altium\ñourse_project\PCB_Project\Ý3.SchDoc with Capacity_0805 from Schlib1.SchLib
Replace Part C31 Capacity_0805 in C:\Users\Public\Documents\Altium\ñourse_project\PCB_Project\Ý3.SchDoc with Capacity_0805 from Schlib1.SchLib
Replace Part DD1 ADuM1401 in C:\Users\Public\Documents\Altium\ñourse_project\PCB_Project\Ý3.SchDoc with ADuM1401 from Schlib1.SchLib
Replace Part DD2 DRV8874 in C:\Users\Public\Documents\Altium\ñourse_project\PCB_Project\Ý3.SchDoc with DRV8874 from Schlib1.SchLib
Replace Part DD3 ATmega16-16PU in C:\Users\Public\Documents\Altium\ñourse_project\PCB_Project\Ý3.SchDoc with ATmega16-16PU from Schlib1.SchLib
Replace Part DD4 ADuM1301 in C:\Users\Public\Documents\Altium\ñourse_project\PCB_Project\Ý3.SchDoc with ADuM1301 from Schlib1.SchLib
Replace Part DD5 ADM485 in C:\Users\Public\Documents\Altium\ñourse_project\PCB_Project\Ý3.SchDoc with ADM485 from Schlib1.SchLib
Replace Part DD6 ADuM1401 in C:\Users\Public\Documents\Altium\ñourse_project\PCB_Project\Ý3.SchDoc with ADuM1401 from Schlib1.SchLib
Replace Part DD7 DRV8874 in C:\Users\Public\Documents\Altium\ñourse_project\PCB_Project\Ý3.SchDoc with DRV8874 from Schlib1.SchLib
Replace Part DD8 REF198 in C:\Users\Public\Documents\Altium\ñourse_project\PCB_Project\Ý3.SchDoc with REF198 from Schlib1.SchLib
Replace Part DD9 TMR-1-2411SM in C:\Users\Public\Documents\Altium\ñourse_project\PCB_Project\Ý3.SchDoc with TMR-1-2411SM from Schlib1.SchLib
Replace Part DD10 TMR-1-2411SM in C:\Users\Public\Documents\Altium\ñourse_project\PCB_Project\Ý3.SchDoc with TMR-1-2411SM from Schlib1.SchLib
Replace Part DD11 TMR-1-2411SM in C:\Users\Public\Documents\Altium\ñourse_project\PCB_Project\Ý3.SchDoc with TMR-1-2411SM from Schlib1.SchLib
Replace Part L? Inductor_CD32 in C:\Users\Public\Documents\Altium\ñourse_project\PCB_Project\Ý3.SchDoc with Inductor_CD32 from inductor.IntLib
Replace Part R1 Resistor_0805 in C:\Users\Public\Documents\Altium\ñourse_project\PCB_Project\Ý3.SchDoc with Resistor_0805 from Schlib1.SchLib
Replace Part R2 Resistor_0805 in C:\Users\Public\Documents\Altium\ñourse_project\PCB_Project\Ý3.SchDoc with Resistor_0805 from Schlib1.SchLib
Replace Part XP1 PIN_10 in C:\Users\Public\Documents\Altium\ñourse_project\PCB_Project\Ý3.SchDoc with PIN_10 from Schlib1.SchLib
Replace Part XTAL1 resonstor in C:\Users\Public\Documents\Altium\ñourse_project\PCB_Project\Ý3.SchDoc with resonstor from Schlib1.SchLib
